<<<<<<< HEAD
Base path: /Applications/Unity.app/Contents
Pipe name: \\.\pipe\UnityShaderCompiler-64bit-1-1900679936
=======
Base path: C:/Program Files/Unity/Editor/Data
<<<<<<< HEAD
Pipe name: \\.\pipe\UnityShaderCompiler-64bit-1-4720
=======
Pipe name: \\.\pipe\UnityShaderCompiler-64bit-1-5312
>>>>>>> 9911a7dec233af7c9a42a6a3fb2300dcdc790b6b
>>>>>>> origin/master
Cmd: getPlatforms
Cmd: compileSnippet
  api=4 type=0 insize=1509 outsize=1591 kw= ok=1
Cmd: compileSnippet
  api=4 type=1 insize=1509 outsize=1493 kw= ok=1
Cmd: compileSnippet
  api=4 type=0 insize=1071 outsize=1290 kw= ok=1
Cmd: compileSnippet
  api=4 type=1 insize=1071 outsize=965 kw= ok=1
